<?xml version="1.0" encoding="UTF-8"?>
<testsuite xmlns:xsi="http://www.w3.org/2001/XMLSchema-instance" xsi:noNamespaceSchemaLocation="https://maven.apache.org/surefire/maven-surefire-plugin/xsd/surefire-test-report.xsd" name="TestSuite" time="3,637.476" tests="18" errors="0" skipped="17" failures="1">
  <properties>
    <property name="java.specification.version" value="17"/>
    <property name="sun.jnu.encoding" value="UTF-8"/>
    <property name="java.class.path" value="/Users/bmzalbat/automaion2/FinalProject/target/test-classes:/Users/bmzalbat/automaion2/FinalProject/target/classes:/Users/bmzalbat/.m2/repository/org/seleniumhq/selenium/selenium-java/3.141.59/selenium-java-3.141.59.jar:/Users/bmzalbat/.m2/repository/org/seleniumhq/selenium/selenium-api/3.141.59/selenium-api-3.141.59.jar:/Users/bmzalbat/.m2/repository/org/seleniumhq/selenium/selenium-chrome-driver/3.141.59/selenium-chrome-driver-3.141.59.jar:/Users/bmzalbat/.m2/repository/org/seleniumhq/selenium/selenium-edge-driver/3.141.59/selenium-edge-driver-3.141.59.jar:/Users/bmzalbat/.m2/repository/org/seleniumhq/selenium/selenium-firefox-driver/3.141.59/selenium-firefox-driver-3.141.59.jar:/Users/bmzalbat/.m2/repository/org/seleniumhq/selenium/selenium-ie-driver/3.141.59/selenium-ie-driver-3.141.59.jar:/Users/bmzalbat/.m2/repository/org/seleniumhq/selenium/selenium-opera-driver/3.141.59/selenium-opera-driver-3.141.59.jar:/Users/bmzalbat/.m2/repository/org/seleniumhq/selenium/selenium-remote-driver/3.141.59/selenium-remote-driver-3.141.59.jar:/Users/bmzalbat/.m2/repository/org/seleniumhq/selenium/selenium-safari-driver/3.141.59/selenium-safari-driver-3.141.59.jar:/Users/bmzalbat/.m2/repository/org/seleniumhq/selenium/selenium-support/3.141.59/selenium-support-3.141.59.jar:/Users/bmzalbat/.m2/repository/net/bytebuddy/byte-buddy/1.8.15/byte-buddy-1.8.15.jar:/Users/bmzalbat/.m2/repository/org/apache/commons/commons-exec/1.3/commons-exec-1.3.jar:/Users/bmzalbat/.m2/repository/com/google/guava/guava/25.0-jre/guava-25.0-jre.jar:/Users/bmzalbat/.m2/repository/com/google/code/findbugs/jsr305/1.3.9/jsr305-1.3.9.jar:/Users/bmzalbat/.m2/repository/org/checkerframework/checker-compat-qual/2.0.0/checker-compat-qual-2.0.0.jar:/Users/bmzalbat/.m2/repository/com/google/errorprone/error_prone_annotations/2.1.3/error_prone_annotations-2.1.3.jar:/Users/bmzalbat/.m2/repository/com/google/j2objc/j2objc-annotations/1.1/j2objc-annotations-1.1.jar:/Users/bmzalbat/.m2/repository/org/codehaus/mojo/animal-sniffer-annotations/1.14/animal-sniffer-annotations-1.14.jar:/Users/bmzalbat/.m2/repository/com/squareup/okhttp3/okhttp/3.11.0/okhttp-3.11.0.jar:/Users/bmzalbat/.m2/repository/com/squareup/okio/okio/1.14.0/okio-1.14.0.jar:/Users/bmzalbat/.m2/repository/mysql/mysql-connector-java/8.0.16/mysql-connector-java-8.0.16.jar:/Users/bmzalbat/.m2/repository/com/google/protobuf/protobuf-java/3.6.1/protobuf-java-3.6.1.jar:/Users/bmzalbat/.m2/repository/com/github/stephenc/monte/monte-screen-recorder/0.7.7.0/monte-screen-recorder-0.7.7.0.jar:/Users/bmzalbat/.m2/repository/org/testng/testng/7.0.0/testng-7.0.0.jar:/Users/bmzalbat/.m2/repository/com/beust/jcommander/1.72/jcommander-1.72.jar:/Users/bmzalbat/.m2/repository/io/github/bonigarcia/webdrivermanager/4.2.0/webdrivermanager-4.2.0.jar:/Users/bmzalbat/.m2/repository/org/slf4j/slf4j-api/1.7.30/slf4j-api-1.7.30.jar:/Users/bmzalbat/.m2/repository/commons-io/commons-io/2.7/commons-io-2.7.jar:/Users/bmzalbat/.m2/repository/com/google/code/gson/gson/2.8.6/gson-2.8.6.jar:/Users/bmzalbat/.m2/repository/org/apache/commons/commons-lang3/3.11/commons-lang3-3.11.jar:/Users/bmzalbat/.m2/repository/org/apache/httpcomponents/client5/httpclient5/5.0.1/httpclient5-5.0.1.jar:/Users/bmzalbat/.m2/repository/org/apache/httpcomponents/core5/httpcore5/5.0.1/httpcore5-5.0.1.jar:/Users/bmzalbat/.m2/repository/org/apache/httpcomponents/core5/httpcore5-h2/5.0.1/httpcore5-h2-5.0.1.jar:/Users/bmzalbat/.m2/repository/commons-codec/commons-codec/1.13/commons-codec-1.13.jar:/Users/bmzalbat/.m2/repository/org/rauschig/jarchivelib/1.0.0/jarchivelib-1.0.0.jar:/Users/bmzalbat/.m2/repository/org/apache/commons/commons-compress/1.18/commons-compress-1.18.jar:/Users/bmzalbat/.m2/repository/io/rest-assured/json-schema-validator/3.3.0/json-schema-validator-3.3.0.jar:/Users/bmzalbat/.m2/repository/com/github/java-json-tools/json-schema-validator/2.2.10/json-schema-validator-2.2.10.jar:/Users/bmzalbat/.m2/repository/com/github/java-json-tools/json-schema-core/1.2.10/json-schema-core-1.2.10.jar:/Users/bmzalbat/.m2/repository/com/github/java-json-tools/jackson-coreutils/1.9/jackson-coreutils-1.9.jar:/Users/bmzalbat/.m2/repository/com/fasterxml/jackson/core/jackson-databind/2.2.3/jackson-databind-2.2.3.jar:/Users/bmzalbat/.m2/repository/com/fasterxml/jackson/core/jackson-annotations/2.2.3/jackson-annotations-2.2.3.jar:/Users/bmzalbat/.m2/repository/com/fasterxml/jackson/core/jackson-core/2.2.3/jackson-core-2.2.3.jar:/Users/bmzalbat/.m2/repository/com/github/fge/msg-simple/1.1/msg-simple-1.1.jar:/Users/bmzalbat/.m2/repository/com/github/fge/btf/1.2/btf-1.2.jar:/Users/bmzalbat/.m2/repository/com/github/fge/uri-template/0.9/uri-template-0.9.jar:/Users/bmzalbat/.m2/repository/org/mozilla/rhino/1.7.7.1/rhino-1.7.7.1.jar:/Users/bmzalbat/.m2/repository/javax/mail/mailapi/1.4.3/mailapi-1.4.3.jar:/Users/bmzalbat/.m2/repository/javax/activation/activation/1.1/activation-1.1.jar:/Users/bmzalbat/.m2/repository/joda-time/joda-time/2.9.7/joda-time-2.9.7.jar:/Users/bmzalbat/.m2/repository/com/googlecode/libphonenumber/libphonenumber/8.0.0/libphonenumber-8.0.0.jar:/Users/bmzalbat/.m2/repository/net/sf/jopt-simple/jopt-simple/5.0.3/jopt-simple-5.0.3.jar:/Users/bmzalbat/.m2/repository/org/hamcrest/hamcrest-core/1.3/hamcrest-core-1.3.jar:/Users/bmzalbat/.m2/repository/org/jsoup/jsoup/1.11.3/jsoup-1.11.3.jar:/Users/bmzalbat/.m2/repository/io/rest-assured/rest-assured/3.3.0/rest-assured-3.3.0.jar:/Users/bmzalbat/.m2/repository/org/codehaus/groovy/groovy/2.4.15/groovy-2.4.15.jar:/Users/bmzalbat/.m2/repository/org/codehaus/groovy/groovy-xml/2.4.15/groovy-xml-2.4.15.jar:/Users/bmzalbat/.m2/repository/org/apache/httpcomponents/httpclient/4.5.3/httpclient-4.5.3.jar:/Users/bmzalbat/.m2/repository/org/apache/httpcomponents/httpcore/4.4.6/httpcore-4.4.6.jar:/Users/bmzalbat/.m2/repository/commons-logging/commons-logging/1.2/commons-logging-1.2.jar:/Users/bmzalbat/.m2/repository/org/apache/httpcomponents/httpmime/4.5.3/httpmime-4.5.3.jar:/Users/bmzalbat/.m2/repository/org/hamcrest/hamcrest-library/1.3/hamcrest-library-1.3.jar:/Users/bmzalbat/.m2/repository/org/ccil/cowan/tagsoup/tagsoup/1.2.1/tagsoup-1.2.1.jar:/Users/bmzalbat/.m2/repository/io/rest-assured/xml-path/3.3.0/xml-path-3.3.0.jar:/Users/bmzalbat/.m2/repository/javax/xml/bind/jaxb-api/2.2.12/jaxb-api-2.2.12.jar:/Users/bmzalbat/.m2/repository/com/sun/xml/bind/jaxb-osgi/2.2.10/jaxb-osgi-2.2.10.jar:/Users/bmzalbat/.m2/repository/org/apache/sling/org.apache.sling.javax.activation/0.1.0/org.apache.sling.javax.activation-0.1.0.jar:/Users/bmzalbat/.m2/repository/com/googlecode/json-simple/json-simple/1.1.1/json-simple-1.1.1.jar:/Users/bmzalbat/.m2/repository/junit/junit/4.10/junit-4.10.jar:/Users/bmzalbat/.m2/repository/io/rest-assured/json-path/3.3.0/json-path-3.3.0.jar:/Users/bmzalbat/.m2/repository/org/codehaus/groovy/groovy-json/2.4.15/groovy-json-2.4.15.jar:/Users/bmzalbat/.m2/repository/io/rest-assured/rest-assured-common/3.3.0/rest-assured-common-3.3.0.jar:/Users/bmzalbat/.m2/repository/io/qameta/allure/allure-testng/2.17.2/allure-testng-2.17.2.jar:/Users/bmzalbat/.m2/repository/io/qameta/allure/allure-java-commons/2.17.2/allure-java-commons-2.17.2.jar:/Users/bmzalbat/.m2/repository/io/qameta/allure/allure-model/2.17.2/allure-model-2.17.2.jar:/Users/bmzalbat/.m2/repository/io/qameta/allure/allure-test-filter/2.17.2/allure-test-filter-2.17.2.jar:/Users/bmzalbat/.m2/repository/org/aspectj/aspectjweaver/1.9.8/aspectjweaver-1.9.8.jar:"/>
    <property name="java.vm.vendor" value="Homebrew"/>
    <property name="sun.arch.data.model" value="64"/>
    <property name="java.vendor.url" value="https://github.com/Homebrew/homebrew-core/issues"/>
    <property name="os.name" value="Mac OS X"/>
    <property name="java.vm.specification.version" value="17"/>
    <property name="sun.java.launcher" value="SUN_STANDARD"/>
    <property name="user.country" value="IL"/>
    <property name="sun.boot.library.path" value="/usr/local/Cellar/openjdk/17.0.1_1/libexec/openjdk.jdk/Contents/Home/lib"/>
    <property name="sun.java.command" value="/Users/bmzalbat/automaion2/FinalProject/target/surefire/surefirebooter12804036210725306796.jar /Users/bmzalbat/automaion2/FinalProject/target/surefire 2022-05-29T16-03-03_255-jvmRun1 surefire17972092172347209827tmp surefire_017283159555280090068tmp"/>
    <property name="jdk.debug" value="release"/>
    <property name="surefire.test.class.path" value="/Users/bmzalbat/automaion2/FinalProject/target/test-classes:/Users/bmzalbat/automaion2/FinalProject/target/classes:/Users/bmzalbat/.m2/repository/org/seleniumhq/selenium/selenium-java/3.141.59/selenium-java-3.141.59.jar:/Users/bmzalbat/.m2/repository/org/seleniumhq/selenium/selenium-api/3.141.59/selenium-api-3.141.59.jar:/Users/bmzalbat/.m2/repository/org/seleniumhq/selenium/selenium-chrome-driver/3.141.59/selenium-chrome-driver-3.141.59.jar:/Users/bmzalbat/.m2/repository/org/seleniumhq/selenium/selenium-edge-driver/3.141.59/selenium-edge-driver-3.141.59.jar:/Users/bmzalbat/.m2/repository/org/seleniumhq/selenium/selenium-firefox-driver/3.141.59/selenium-firefox-driver-3.141.59.jar:/Users/bmzalbat/.m2/repository/org/seleniumhq/selenium/selenium-ie-driver/3.141.59/selenium-ie-driver-3.141.59.jar:/Users/bmzalbat/.m2/repository/org/seleniumhq/selenium/selenium-opera-driver/3.141.59/selenium-opera-driver-3.141.59.jar:/Users/bmzalbat/.m2/repository/org/seleniumhq/selenium/selenium-remote-driver/3.141.59/selenium-remote-driver-3.141.59.jar:/Users/bmzalbat/.m2/repository/org/seleniumhq/selenium/selenium-safari-driver/3.141.59/selenium-safari-driver-3.141.59.jar:/Users/bmzalbat/.m2/repository/org/seleniumhq/selenium/selenium-support/3.141.59/selenium-support-3.141.59.jar:/Users/bmzalbat/.m2/repository/net/bytebuddy/byte-buddy/1.8.15/byte-buddy-1.8.15.jar:/Users/bmzalbat/.m2/repository/org/apache/commons/commons-exec/1.3/commons-exec-1.3.jar:/Users/bmzalbat/.m2/repository/com/google/guava/guava/25.0-jre/guava-25.0-jre.jar:/Users/bmzalbat/.m2/repository/com/google/code/findbugs/jsr305/1.3.9/jsr305-1.3.9.jar:/Users/bmzalbat/.m2/repository/org/checkerframework/checker-compat-qual/2.0.0/checker-compat-qual-2.0.0.jar:/Users/bmzalbat/.m2/repository/com/google/errorprone/error_prone_annotations/2.1.3/error_prone_annotations-2.1.3.jar:/Users/bmzalbat/.m2/repository/com/google/j2objc/j2objc-annotations/1.1/j2objc-annotations-1.1.jar:/Users/bmzalbat/.m2/repository/org/codehaus/mojo/animal-sniffer-annotations/1.14/animal-sniffer-annotations-1.14.jar:/Users/bmzalbat/.m2/repository/com/squareup/okhttp3/okhttp/3.11.0/okhttp-3.11.0.jar:/Users/bmzalbat/.m2/repository/com/squareup/okio/okio/1.14.0/okio-1.14.0.jar:/Users/bmzalbat/.m2/repository/mysql/mysql-connector-java/8.0.16/mysql-connector-java-8.0.16.jar:/Users/bmzalbat/.m2/repository/com/google/protobuf/protobuf-java/3.6.1/protobuf-java-3.6.1.jar:/Users/bmzalbat/.m2/repository/com/github/stephenc/monte/monte-screen-recorder/0.7.7.0/monte-screen-recorder-0.7.7.0.jar:/Users/bmzalbat/.m2/repository/org/testng/testng/7.0.0/testng-7.0.0.jar:/Users/bmzalbat/.m2/repository/com/beust/jcommander/1.72/jcommander-1.72.jar:/Users/bmzalbat/.m2/repository/io/github/bonigarcia/webdrivermanager/4.2.0/webdrivermanager-4.2.0.jar:/Users/bmzalbat/.m2/repository/org/slf4j/slf4j-api/1.7.30/slf4j-api-1.7.30.jar:/Users/bmzalbat/.m2/repository/commons-io/commons-io/2.7/commons-io-2.7.jar:/Users/bmzalbat/.m2/repository/com/google/code/gson/gson/2.8.6/gson-2.8.6.jar:/Users/bmzalbat/.m2/repository/org/apache/commons/commons-lang3/3.11/commons-lang3-3.11.jar:/Users/bmzalbat/.m2/repository/org/apache/httpcomponents/client5/httpclient5/5.0.1/httpclient5-5.0.1.jar:/Users/bmzalbat/.m2/repository/org/apache/httpcomponents/core5/httpcore5/5.0.1/httpcore5-5.0.1.jar:/Users/bmzalbat/.m2/repository/org/apache/httpcomponents/core5/httpcore5-h2/5.0.1/httpcore5-h2-5.0.1.jar:/Users/bmzalbat/.m2/repository/commons-codec/commons-codec/1.13/commons-codec-1.13.jar:/Users/bmzalbat/.m2/repository/org/rauschig/jarchivelib/1.0.0/jarchivelib-1.0.0.jar:/Users/bmzalbat/.m2/repository/org/apache/commons/commons-compress/1.18/commons-compress-1.18.jar:/Users/bmzalbat/.m2/repository/io/rest-assured/json-schema-validator/3.3.0/json-schema-validator-3.3.0.jar:/Users/bmzalbat/.m2/repository/com/github/java-json-tools/json-schema-validator/2.2.10/json-schema-validator-2.2.10.jar:/Users/bmzalbat/.m2/repository/com/github/java-json-tools/json-schema-core/1.2.10/json-schema-core-1.2.10.jar:/Users/bmzalbat/.m2/repository/com/github/java-json-tools/jackson-coreutils/1.9/jackson-coreutils-1.9.jar:/Users/bmzalbat/.m2/repository/com/fasterxml/jackson/core/jackson-databind/2.2.3/jackson-databind-2.2.3.jar:/Users/bmzalbat/.m2/repository/com/fasterxml/jackson/core/jackson-annotations/2.2.3/jackson-annotations-2.2.3.jar:/Users/bmzalbat/.m2/repository/com/fasterxml/jackson/core/jackson-core/2.2.3/jackson-core-2.2.3.jar:/Users/bmzalbat/.m2/repository/com/github/fge/msg-simple/1.1/msg-simple-1.1.jar:/Users/bmzalbat/.m2/repository/com/github/fge/btf/1.2/btf-1.2.jar:/Users/bmzalbat/.m2/repository/com/github/fge/uri-template/0.9/uri-template-0.9.jar:/Users/bmzalbat/.m2/repository/org/mozilla/rhino/1.7.7.1/rhino-1.7.7.1.jar:/Users/bmzalbat/.m2/repository/javax/mail/mailapi/1.4.3/mailapi-1.4.3.jar:/Users/bmzalbat/.m2/repository/javax/activation/activation/1.1/activation-1.1.jar:/Users/bmzalbat/.m2/repository/joda-time/joda-time/2.9.7/joda-time-2.9.7.jar:/Users/bmzalbat/.m2/repository/com/googlecode/libphonenumber/libphonenumber/8.0.0/libphonenumber-8.0.0.jar:/Users/bmzalbat/.m2/repository/net/sf/jopt-simple/jopt-simple/5.0.3/jopt-simple-5.0.3.jar:/Users/bmzalbat/.m2/repository/org/hamcrest/hamcrest-core/1.3/hamcrest-core-1.3.jar:/Users/bmzalbat/.m2/repository/org/jsoup/jsoup/1.11.3/jsoup-1.11.3.jar:/Users/bmzalbat/.m2/repository/io/rest-assured/rest-assured/3.3.0/rest-assured-3.3.0.jar:/Users/bmzalbat/.m2/repository/org/codehaus/groovy/groovy/2.4.15/groovy-2.4.15.jar:/Users/bmzalbat/.m2/repository/org/codehaus/groovy/groovy-xml/2.4.15/groovy-xml-2.4.15.jar:/Users/bmzalbat/.m2/repository/org/apache/httpcomponents/httpclient/4.5.3/httpclient-4.5.3.jar:/Users/bmzalbat/.m2/repository/org/apache/httpcomponents/httpcore/4.4.6/httpcore-4.4.6.jar:/Users/bmzalbat/.m2/repository/commons-logging/commons-logging/1.2/commons-logging-1.2.jar:/Users/bmzalbat/.m2/repository/org/apache/httpcomponents/httpmime/4.5.3/httpmime-4.5.3.jar:/Users/bmzalbat/.m2/repository/org/hamcrest/hamcrest-library/1.3/hamcrest-library-1.3.jar:/Users/bmzalbat/.m2/repository/org/ccil/cowan/tagsoup/tagsoup/1.2.1/tagsoup-1.2.1.jar:/Users/bmzalbat/.m2/repository/io/rest-assured/xml-path/3.3.0/xml-path-3.3.0.jar:/Users/bmzalbat/.m2/repository/javax/xml/bind/jaxb-api/2.2.12/jaxb-api-2.2.12.jar:/Users/bmzalbat/.m2/repository/com/sun/xml/bind/jaxb-osgi/2.2.10/jaxb-osgi-2.2.10.jar:/Users/bmzalbat/.m2/repository/org/apache/sling/org.apache.sling.javax.activation/0.1.0/org.apache.sling.javax.activation-0.1.0.jar:/Users/bmzalbat/.m2/repository/com/googlecode/json-simple/json-simple/1.1.1/json-simple-1.1.1.jar:/Users/bmzalbat/.m2/repository/junit/junit/4.10/junit-4.10.jar:/Users/bmzalbat/.m2/repository/io/rest-assured/json-path/3.3.0/json-path-3.3.0.jar:/Users/bmzalbat/.m2/repository/org/codehaus/groovy/groovy-json/2.4.15/groovy-json-2.4.15.jar:/Users/bmzalbat/.m2/repository/io/rest-assured/rest-assured-common/3.3.0/rest-assured-common-3.3.0.jar:/Users/bmzalbat/.m2/repository/io/qameta/allure/allure-testng/2.17.2/allure-testng-2.17.2.jar:/Users/bmzalbat/.m2/repository/io/qameta/allure/allure-java-commons/2.17.2/allure-java-commons-2.17.2.jar:/Users/bmzalbat/.m2/repository/io/qameta/allure/allure-model/2.17.2/allure-model-2.17.2.jar:/Users/bmzalbat/.m2/repository/io/qameta/allure/allure-test-filter/2.17.2/allure-test-filter-2.17.2.jar:/Users/bmzalbat/.m2/repository/org/aspectj/aspectjweaver/1.9.8/aspectjweaver-1.9.8.jar:"/>
    <property name="sun.cpu.endian" value="little"/>
    <property name="user.home" value="/Users/bmzalbat"/>
    <property name="user.language" value="en"/>
    <property name="java.specification.vendor" value="Oracle Corporation"/>
    <property name="java.version.date" value="2021-10-19"/>
    <property name="java.home" value="/usr/local/Cellar/openjdk/17.0.1_1/libexec/openjdk.jdk/Contents/Home"/>
    <property name="file.separator" value="/"/>
    <property name="basedir" value="/Users/bmzalbat/automaion2/FinalProject"/>
    <property name="java.vm.compressedOopsMode" value="Zero based"/>
    <property name="line.separator" value="&#10;"/>
    <property name="java.specification.name" value="Java Platform API Specification"/>
    <property name="java.vm.specification.vendor" value="Oracle Corporation"/>
    <property name="surefire.real.class.path" value="/Users/bmzalbat/automaion2/FinalProject/target/surefire/surefirebooter12804036210725306796.jar"/>
    <property name="sun.management.compiler" value="HotSpot 64-Bit Tiered Compilers"/>
    <property name="java.runtime.version" value="17.0.1+1"/>
    <property name="user.name" value="bmzalbat"/>
    <property name="path.separator" value=":"/>
    <property name="os.version" value="12.3.1"/>
    <property name="java.runtime.name" value="OpenJDK Runtime Environment"/>
    <property name="file.encoding" value="UTF-8"/>
    <property name="java.vm.name" value="OpenJDK 64-Bit Server VM"/>
    <property name="java.vendor.version" value="Homebrew"/>
    <property name="localRepository" value="/Users/bmzalbat/.m2/repository"/>
    <property name="java.vendor.url.bug" value="https://github.com/Homebrew/homebrew-core/issues"/>
    <property name="java.io.tmpdir" value="/var/folders/hs/t1xyl4pn6xzck0_614bsmwjr0000gp/T/"/>
    <property name="java.version" value="17.0.1"/>
    <property name="user.dir" value="/Users/bmzalbat/automaion2/FinalProject"/>
    <property name="os.arch" value="x86_64"/>
    <property name="java.vm.specification.name" value="Java Virtual Machine Specification"/>
    <property name="native.encoding" value="UTF-8"/>
    <property name="java.library.path" value="/Users/bmzalbat/Library/Java/Extensions:/Library/Java/Extensions:/Network/Library/Java/Extensions:/System/Library/Java/Extensions:/usr/lib/java:."/>
    <property name="java.vm.info" value="mixed mode, sharing"/>
    <property name="java.vendor" value="Homebrew"/>
    <property name="java.vm.version" value="17.0.1+1"/>
    <property name="sun.io.unicode.encoding" value="UnicodeBig"/>
    <property name="java.class.version" value="61.0"/>
  </properties>
  <testcase name="startSession" classname="sanity.NopCommerceWeb" time="3,630.956">
    <failure message="io.github.bonigarcia.wdm.config.WebDriverManagerException: java.net.UnknownHostException: chromedriver.storage.googleapis.com" type="io.github.bonigarcia.wdm.config.WebDriverManagerException">io.github.bonigarcia.wdm.config.WebDriverManagerException: io.github.bonigarcia.wdm.config.WebDriverManagerException: java.net.UnknownHostException: chromedriver.storage.googleapis.com
Caused by: io.github.bonigarcia.wdm.config.WebDriverManagerException: java.net.UnknownHostException: chromedriver.storage.googleapis.com
Caused by: java.net.UnknownHostException: chromedriver.storage.googleapis.com
</failure>
    <system-out><![CDATA[............starting execution..........
]]></system-out>
    <system-err><![CDATA[SLF4J: Failed to load class "org.slf4j.impl.StaticLoggerBinder".
SLF4J: Defaulting to no-operation (NOP) logger implementation
SLF4J: See http://www.slf4j.org/codes.html#StaticLoggerBinder for further details.
]]></system-err>
  </testcase>
  <testcase name="before_method" classname="sanity.NopCommerceWeb" time="0">
    <skipped/>
  </testcase>
  <testcase name="before_method" classname="sanity.NopCommerceWeb" time="0">
    <skipped/>
  </testcase>
  <testcase name="before_method" classname="sanity.NopCommerceWeb" time="0">
    <skipped/>
  </testcase>
  <testcase name="before_method" classname="sanity.NopCommerceWeb" time="0">
    <skipped/>
  </testcase>
  <testcase name="before_method" classname="sanity.NopCommerceWeb" time="0">
    <skipped/>
  </testcase>
  <testcase name="before_method" classname="sanity.NopCommerceWeb" time="0">
    <skipped/>
  </testcase>
  <testcase name="before_method" classname="sanity.NopCommerceWeb" time="0">
    <skipped/>
  </testcase>
  <testcase name="before_method" classname="sanity.NopCommerceWeb" time="0">
    <skipped/>
  </testcase>
  <testcase name="test01_verifylogin" classname="sanity.NopCommerceWeb" time="0">
    <skipped message="io.github.bonigarcia.wdm.config.WebDriverManagerException: java.net.UnknownHostException: chromedriver.storage.googleapis.com"/>
    <system-out><![CDATA[....start test........ test01_verifylogin
]]></system-out>
  </testcase>
  <testcase name="test02_mouseHoverComputers" classname="sanity.NopCommerceWeb" time="0">
    <skipped message="io.github.bonigarcia.wdm.config.WebDriverManagerException: java.net.UnknownHostException: chromedriver.storage.googleapis.com"/>
    <system-out><![CDATA[....start test........ test02_mouseHoverComputers
]]></system-out>
  </testcase>
  <testcase name="test03_goToWin8andAddToCart" classname="sanity.NopCommerceWeb" time="0">
    <skipped message="io.github.bonigarcia.wdm.config.WebDriverManagerException: java.net.UnknownHostException: chromedriver.storage.googleapis.com"/>
    <system-out><![CDATA[....start test........ test03_goToWin8andAddToCart
]]></system-out>
  </testcase>
  <testcase name="test04_verifyMenuBarElements" classname="sanity.NopCommerceWeb" time="0">
    <skipped message="io.github.bonigarcia.wdm.config.WebDriverManagerException: java.net.UnknownHostException: chromedriver.storage.googleapis.com"/>
    <system-out><![CDATA[....start test........ test04_verifyMenuBarElements
]]></system-out>
  </testcase>
  <testcase name="test05_searchProduct" classname="sanity.NopCommerceWeb" time="0">
    <skipped message="io.github.bonigarcia.wdm.config.WebDriverManagerException: java.net.UnknownHostException: chromedriver.storage.googleapis.com"/>
    <system-out><![CDATA[....start test........ test05_searchProduct
]]></system-out>
  </testcase>
  <testcase name="test05_searchProduct" classname="sanity.NopCommerceWeb" time="0">
    <skipped message="io.github.bonigarcia.wdm.config.WebDriverManagerException: java.net.UnknownHostException: chromedriver.storage.googleapis.com"/>
    <system-out><![CDATA[....start test........ test05_searchProduct
]]></system-out>
  </testcase>
  <testcase name="test06_searchProduct" classname="sanity.NopCommerceWeb" time="0">
    <skipped message="io.github.bonigarcia.wdm.config.WebDriverManagerException: java.net.UnknownHostException: chromedriver.storage.googleapis.com"/>
    <system-out><![CDATA[....start test........ test06_searchProduct
]]></system-out>
  </testcase>
  <testcase name="test06_searchProduct" classname="sanity.NopCommerceWeb" time="0">
    <skipped message="io.github.bonigarcia.wdm.config.WebDriverManagerException: java.net.UnknownHostException: chromedriver.storage.googleapis.com"/>
    <system-out><![CDATA[....start test........ test06_searchProduct
]]></system-out>
  </testcase>
  <testcase name="closeSession" classname="sanity.NopCommerceWeb" time="0">
    <skipped/>
  </testcase>
</testsuite>